<?xml version="1.0" encoding="UTF-8"?>
<testsuite xmlns:xsi="http://www.w3.org/2001/XMLSchema-instance" xsi:noNamespaceSchemaLocation="https://maven.apache.org/surefire/maven-surefire-plugin/xsd/surefire-test-report.xsd" name="appium.TestUicatalogSuite" time="301.891" tests="4" errors="1" skipped="0" failures="0">
  <properties>
[...]
</properties>
  <testcase name="CancelTest" classname="appium.TestUicatalogActionSheets" time="21.996"/>
  <testcase name="OKayTest" classname="appium.TestUicatalogActionSheets" time="17.705"/>
  <testcase name="CancelTest" classname="appium.TestUicatalogAlertViews" time="158.07">
    <error message="An element could not be located on the page using the given search parameters. (WARNING: The server did not provide any stacktrace information)&#10;Command duration or timeout: 0 milliseconds&#10;For documentation on this error, please visit: http://seleniumhq.org/exceptions/no_such_element.html&#10;Build info: version: &apos;3.6.0&apos;, revision: &apos;6fbf3ec767&apos;, time: &apos;2017-09-27T15:28:36.4Z&apos;&#10;System info: host: &apos;MacBook-Pro.local&apos;, ip: &apos;fe80:0:0:0:9a:ae98:e7ec:486%en0&apos;, os.name: &apos;Mac OS X&apos;, os.arch: &apos;x86_64&apos;, os.version: &apos;10.13.1&apos;, java.version: &apos;1.8.0_51&apos;&#10;Driver info: io.appium.java_client.ios.IOSDriver&#10;Capabilities [{networkConnectionEnabled=false, bundleId=com.example.apple-samplecode.UICatalog, databaseEnabled=false, deviceName=iPhone 7, platform=MAC, platformVersion=10.2, webStorageEnabled=false, locationContextEnabled=false, automationName=XCUITest, browserName=, takesScreenshot=true, javascriptEnabled=true, udid=5B6FEB13-4807-49CD-98B3-5244F381E07C, platformName=MAC}]&#10;Session ID: 20d88ff9-ac3b-45a4-92ee-fcd4d1130eae&#10;*** Element info: {Using=xpath, value=//*[contains(@label, &apos;CancelNOTFOUND&apos;)]}" type="org.openqa.selenium.NoSuchElementException">org.openqa.selenium.NoSuchElementException: 
An element could not be located on the page using the given search parameters. (WARNING: The server did not provide any stacktrace information)
Command duration or timeout: 0 milliseconds
For documentation on this error, please visit: http://seleniumhq.org/exceptions/no_such_element.html
Build info: version: '3.6.0', revision: '6fbf3ec767', time: '2017-09-27T15:28:36.4Z'
System info: host: 'MacBook-Pro.local', ip: 'fe80:0:0:0:9a:ae98:e7ec:486%en0', os.name: 'Mac OS X', os.arch: 'x86_64', os.version: '10.13.1', java.version: '1.8.0_51'
Driver info: io.appium.java_client.ios.IOSDriver
Capabilities [{networkConnectionEnabled=false, bundleId=com.example.apple-samplecode.UICatalog, databaseEnabled=false, deviceName=iPhone 7, platform=MAC, platformVersion=10.2, webStorageEnabled=false, locationContextEnabled=false, automationName=XCUITest, browserName=, takesScreenshot=true, javascriptEnabled=true, udid=5B6FEB13-4807-49CD-98B3-5244F381E07C, platformName=MAC}]
Session ID: 20d88ff9-ac3b-45a4-92ee-fcd4d1130eae
*** Element info: {Using=xpath, value=//*[contains(@label, 'CancelNOTFOUND')]}
	at appium.TestUicatalogAlertViews.CancelTest(TestUicatalogAlertViews.java:37)
</error>
    <system-out><![CDATA[AfterClass driver.quit
not found //*[contains(@label, 'CancelNOTFOUND')]
XCUIElementTypeAlert
A Short Title Is Best
XCUIElementTypeOther
null
XCUIElementTypeOther
null
XCUIElementTypeOther
null
XCUIElementTypeOther
null
XCUIElementTypeOther
null
XCUIElementTypeOther
null
XCUIElementTypeOther
null
XCUIElementTypeOther
null
XCUIElementTypeOther
null
XCUIElementTypeOther
null
XCUIElementTypeStaticText
A Short Title Is Best
XCUIElementTypeStaticText
A message should be a short, complete sentence.
XCUIElementTypeOther
null
XCUIElementTypeOther
null
XCUIElementTypeOther
null
XCUIElementTypeOther
null
XCUIElementTypeOther
null
XCUIElementTypeOther
null
XCUIElementTypeOther
null
XCUIElementTypeButton
Cancel
XCUIElementTypeOther
null
XCUIElementTypeOther
null
XCUIElementTypeOther
null
XCUIElementTypeOther
null
XCUIElementTypeButton
OK
]]></system-out>
    <system-err><![CDATA[Nov 26, 2017 10:06:26 AM org.openqa.selenium.remote.ProtocolHandshake createSession
信息: Detected dialect: OSS
]]></system-err>
  </testcase>
  <testcase name="OKayTest" classname="appium.TestUicatalogAlertViews" time="41.443"/>
</testsuite>